+00000;+0.000;+4.84882498E+00;
+00001;+0.001;+4.15977764E+00;
+00002;+0.004;+1.51638031E+00;
+00003;+0.007;+4.88253161E-02;
+00004;+0.010;+7.30588496E-01;
+00005;+0.013;+3.09661388E+00;
+00006;+0.015;+5.33425379E+00;
+00007;+0.018;+5.92553282E+00;
+00008;+0.021;+4.32276344E+00;
+00009;+0.024;+1.73877847E+00;
+00010;+0.027;+9.00270343E-02;
+00011;+0.030;+6.12901807E-01;
+00012;+0.032;+2.83210349E+00;
+00013;+0.035;+5.21827459E+00;
+00014;+0.038;+5.95990562E+00;
+00015;+0.041;+4.48119640E+00;
+00016;+0.044;+1.90779662E+00;
+00017;+0.046;+1.67536333E-01;
+00018;+0.049;+4.59362835E-01;
+00019;+0.052;+2.64089108E+00;
+00020;+0.055;+5.08385706E+00;
+00021;+0.058;+5.98494530E+00;
+00022;+0.061;+4.65066957E+00;
+00023;+0.063;+2.16980314E+00;
+00024;+0.066;+2.35485017E-01;
+00025;+0.069;+3.65691543E-01;
+00026;+0.072;+2.45514202E+00;
+00027;+0.075;+4.94454479E+00;
+00028;+0.078;+5.99746513E+00;
+00029;+0.080;+4.87045002E+00;
+00030;+0.083;+2.35031652E+00;
+00031;+0.086;+3.14701557E-01;
+00032;+0.089;+2.76345283E-01;
+00033;+0.092;+2.26233625E+00;
+00034;+0.095;+4.79112005E+00;
+00035;+0.097;+5.99279833E+00;
+00036;+0.100;+5.01909494E+00;
+00037;+0.103;+2.54596782E+00;
+00038;+0.106;+4.11559731E-01;
+00039;+0.109;+2.00315595E-01;
+00040;+0.112;+1.99554944E+00;
+00041;+0.114;+4.55927467E+00;
+00042;+0.117;+5.97265291E+00;
+00043;+0.120;+5.16182137E+00;
+00044;+0.123;+2.74867582E+00;
+00045;+0.126;+5.19002914E-01;
+00046;+0.128;+1.09489717E-01;
+00047;+0.131;+1.80945873E+00;
+00048;+0.134;+4.40004492E+00;
+00049;+0.137;+5.94294691E+00;
+00050;+0.140;+5.28337765E+00;
+00051;+0.143;+2.92657161E+00;
+00052;+0.145;+6.77777469E-01;
+00053;+0.148;+6.55563995E-02;
+00054;+0.151;+1.64214790E+00;
+00055;+0.154;+4.22613287E+00;
+00056;+0.157;+5.89776134E+00;
+00057;+0.160;+5.40812111E+00;
+00058;+0.162;+3.21293473E+00;
+00059;+0.165;+8.05366158E-01;
+00060;+0.168;+3.15251499E-02;
+00061;+0.171;+1.47290218E+00;
+00062;+0.174;+4.03787947E+00;
+00063;+0.176;+5.81262636E+00;
+00064;+0.179;+5.56211519E+00;
+00065;+0.182;+3.39902544E+00;
+00066;+0.185;+9.43312228E-01;
+00067;+0.188;+8.64795595E-03;
+00068;+0.191;+1.29978669E+00;
+00069;+0.193;+3.76767826E+00;
+00070;+0.196;+5.73671055E+00;
+00071;+0.199;+5.66147757E+00;
+00072;+0.202;+3.60674119E+00;
+00073;+0.205;+1.10151768E+00;
+00074;+0.208;-1.14029483E-03;
+00075;+0.210;+1.07636416E+00;
+00076;+0.213;+3.57555532E+00;
+00077;+0.216;+5.64986801E+00;
+00078;+0.219;+5.74638510E+00;
+00079;+0.222;+3.78884840E+00;
+00080;+0.224;+1.31902182E+00;
+00081;+0.227;+9.44467448E-03;
+00082;+0.230;+9.36255574E-01;
+00083;+0.233;+3.40187097E+00;
+00084;+0.236;+5.55744886E+00;
+00085;+0.239;+5.81558561E+00;
+00086;+0.241;+4.04436731E+00;
+00087;+0.244;+1.47199166E+00;
+00088;+0.247;+3.03869825E-02;
+00089;+0.250;+8.05480003E-01;
+00090;+0.253;+3.21555257E+00;
+00091;+0.256;+5.45808697E+00;
+00092;+0.258;+5.89480209E+00;
+00093;+0.261;+4.20826340E+00;
+00094;+0.264;+1.63144910E+00;
+00095;+0.267;+6.18004426E-02;
+00096;+0.270;+6.88931525E-01;
+00097;+0.273;+3.04323387E+00;
+00098;+0.275;+5.30181599E+00;
+00099;+0.278;+5.93611765E+00;
+00100;+0.281;+4.37022495E+00;
+00101;+0.284;+1.78897178E+00;
+00102;+0.287;+1.02774523E-01;
+00103;+0.290;+5.84447622E-01;
+00104;+0.292;+2.78987741E+00;
+00105;+0.295;+5.19323492E+00;
+00106;+0.298;+5.96559620E+00;
+00107;+0.301;+4.51841450E+00;
+00108;+0.304;+1.94842923E+00;
+00109;+0.306;+1.80852905E-01;
+00110;+0.309;+4.39786345E-01;
+00111;+0.312;+2.60788417E+00;
+00112;+0.315;+5.05927229E+00;
+00113;+0.318;+5.98767662E+00;
+00114;+0.321;+4.67423010E+00;
+00115;+0.323;+2.20326519E+00;
+00116;+0.326;+2.49256864E-01;
+00117;+0.329;+3.48163724E-01;
+00118;+0.332;+2.41758251E+00;
+00119;+0.335;+4.91859484E+00;
+00120;+0.338;+5.99940014E+00;
+00121;+0.340;+4.89583158E+00;
+00122;+0.343;+2.38138866E+00;
+00123;+0.346;+3.29270124E-01;
+00124;+0.349;+2.64622152E-01;
+00125;+0.352;+2.24048328E+00;
+00126;+0.355;+4.77325058E+00;
+00127;+0.357;+5.99074984E+00;
+00128;+0.360;+5.03377724E+00;
+00129;+0.363;+2.56804824E+00;
+00130;+0.366;+4.21006531E-01;
+00131;+0.369;+1.93600401E-01;
+00132;+0.372;+1.97995651E+00;
+00133;+0.374;+4.54823446E+00;
+00134;+0.377;+5.97117329E+00;
+00135;+0.380;+5.16626024E+00;
+00136;+0.383;+2.75083828E+00;
+00137;+0.386;+5.19458175E-01;
+00138;+0.389;+1.09034449E-01;
+00139;+0.391;+1.81093836E+00;
+00140;+0.394;+4.40084171E+00;
+00141;+0.397;+5.94351578E+00;
+00142;+0.400;+5.28189802E+00;
+00143;+0.403;+2.92452288E+00;
+00144;+0.405;+6.75728738E-01;
+00145;+0.408;+6.71498403E-02;
+00146;+0.411;+1.65079808E+00;
+00147;+0.414;+4.24457121E+00;
+00148;+0.417;+5.90265560E+00;
+00149;+0.420;+5.39366627E+00;
+00150;+0.422;+3.18732595E+00;
+00151;+0.425;+7.89318025E-01;
+00152;+0.428;+3.48258391E-02;
+00153;+0.431;+1.49771428E+00;
+00154;+0.434;+4.07680511E+00;
+00155;+0.437;+5.85371447E+00;
+00156;+0.439;+5.54003477E+00;
+00157;+0.442;+3.35748219E+00;
+00158;+0.445;+9.10191536E-01;
+00159;+0.448;+1.30868144E-02;
+00160;+0.451;+1.34736216E+00;
+00161;+0.454;+3.91074610E+00;
+00162;+0.456;+5.76368523E+00;
+00163;+0.459;+5.62756014E+00;
+00164;+0.462;+3.53184986E+00;
+00165;+0.465;+1.04221916E+00;
+00166;+0.468;-1.15944131E-04;
+00167;+0.471;+1.13600421E+00;
+00168;+0.473;+3.67195845E+00;
+00169;+0.476;+5.69676065E+00;
+00170;+0.479;+5.70063066E+00;
+00171;+0.482;+3.68880320E+00;
+00172;+0.485;+1.16696239E+00;
+00173;+0.487;+1.59130909E-03;
+00174;+0.490;+1.01524448E+00;
+00175;+0.493;+3.50680995E+00;
+00176;+0.496;+5.61219501E+00;
+00177;+0.499;+5.77688789E+00;
+00178;+0.502;+3.87056875E+00;
+00179;+0.504;+1.38833630E+00;
+00180;+0.507;+1.76394898E-02;
+00181;+0.510;+8.81851137E-01;
+00182;+0.513;+3.32276821E+00;
+00183;+0.516;+5.51795435E+00;
+00184;+0.519;+5.84187746E+00;
+00185;+0.521;+4.11971378E+00;
+00186;+0.524;+1.54324102E+00;
+00187;+0.527;+4.27930243E-02;
+00188;+0.530;+7.55286753E-01;
+00189;+0.533;+3.14464474E+00;
+00190;+0.536;+5.41984415E+00;
+00191;+0.538;+5.91164732E+00;
+00192;+0.541;+4.27496004E+00;
+00193;+0.544;+1.68892670E+00;
+00194;+0.547;+7.67104551E-02;
+00195;+0.550;+6.47388339E-01;
+00196;+0.553;+2.97733378E+00;
+00197;+0.555;+5.26129723E+00;
+00198;+0.558;+5.94909286E+00;
+00199;+0.561;+4.42462921E+00;
+00200;+0.564;+1.84895325E+00;
+00201;+0.567;+1.18708886E-01;
+00202;+0.570;+5.01816511E-01;
+00203;+0.572;+2.72215652E+00;
+00204;+0.575;+5.14292765E+00;
+00205;+0.578;+5.97583961E+00;
+00206;+0.581;+4.57930660E+00;
+00207;+0.584;+2.01353240E+00;
+00208;+0.586;+2.06120253E-01;
+00209;+0.589;+4.03706372E-01;
+00210;+0.592;+2.53151321E+00;
+00211;+0.595;+5.00589228E+00;
+00212;+0.598;+5.99279833E+00;
+00213;+0.601;+4.73182106E+00;
+00214;+0.603;+2.26996183E+00;
+00215;+0.606;+2.76572913E-01;
+00216;+0.609;+3.16636443E-01;
+00217;+0.612;+2.35361743E+00;
+00218;+0.615;+4.86635256E+00;
+00219;+0.618;+6.00008297E+00;
+00220;+0.620;+4.94864225E+00;
+00221;+0.623;+2.44740248E+00;
+00222;+0.626;+3.60228330E-01;
+00223;+0.629;+2.41175860E-01;
+00224;+0.632;+2.17788410E+00;
+00225;+0.635;+4.65203571E+00;
+00226;+0.637;+5.98574209E+00;
+00227;+0.640;+5.07805204E+00;
+00228;+0.643;+2.62723303E+00;
+00229;+0.646;+4.51168031E-01;
+00230;+0.649;+1.72544271E-01;
+00231;+0.652;+1.92634869E+00;
+00232;+0.654;+4.49713087E+00;
+00233;+0.657;+5.96275091E+00;
+00234;+0.660;+5.20541334E+00;
+00235;+0.663;+2.81013680E+00;
+00236;+0.666;+5.56221008E-01;
+00237;+0.668;+9.32139084E-02;
+00238;+0.671;+1.75243652E+00;
+00239;+0.674;+4.34632349E+00;
+00240;+0.677;+5.92940235E+00;
+00241;+0.680;+5.32230330E+00;
+00242;+0.683;+2.99156094E+00;
+00243;+0.685;+7.15450823E-01;
+00244;+0.688;+5.39470762E-02;
+00245;+0.691;+1.59673500E+00;
+00246;+0.694;+4.18049240E+00;
+00247;+0.697;+5.88512754E+00;
+00248;+0.700;+5.43293333E+00;
+00249;+0.702;+3.24969769E+00;
+00250;+0.705;+8.32113147E-01;
+00251;+0.708;+2.59481240E-02;
+00252;+0.711;+1.44217169E+00;
+00253;+0.714;+4.01614046E+00;
+00254;+0.717;+5.80477285E+00;
+00255;+0.719;+5.57543182E+00;
+00256;+0.722;+3.42292690E+00;
+00257;+0.725;+9.58222270E-01;
+00258;+0.728;+6.59925211E-03;
+00259;+0.731;+1.28658402E+00;
+00260;+0.734;+3.76323938E+00;
+00261;+0.736;+5.73466206E+00;
+00262;+0.739;+5.66489220E+00;
+00263;+0.742;+3.61106634E+00;
+00264;+0.745;+1.10390782E+00;
+00265;+0.748;-2.05082865E-03;
+00266;+0.750;+1.07761621E+00;
+00267;+0.753;+3.58466077E+00;
+00268;+0.756;+5.65271378E+00;
+00269;+0.759;+5.74399471E+00;
+00270;+0.762;+3.78930354E+00;
+00271;+0.765;+1.24959350E+00;
+00272;+0.767;+1.03552099E-02;
+00273;+0.770;+9.33296382E-01;
+00274;+0.773;+3.39948082E+00;
+00275;+0.776;+5.55779028E+00;
+00276;+0.779;+5.81592703E+00;
+00277;+0.782;+3.96526456E+00;
+00278;+0.784;+1.46823573E+00;
+00279;+0.787;+2.94764470E-02;
+00280;+0.790;+8.09577405E-01;
+00281;+0.793;+3.22112966E+00;
+00282;+0.796;+5.46093225E+00;
+00283;+0.799;+5.87158346E+00;
+00284;+0.801;+4.21008444E+00;
+00285;+0.804;+1.63179064E+00;
+00286;+0.807;+6.24833442E-02;
+00287;+0.810;+6.85972273E-01;
+00288;+0.813;+3.03333187E+00;
+00289;+0.815;+5.30113316E+00;
+00290;+0.818;+5.93657303E+00;
+00291;+0.821;+4.37022495E+00;
+00292;+0.824;+1.78976846E+00;
+00293;+0.827;+1.03115976E-01;
+00294;+0.830;+5.80008745E-01;
+00295;+0.832;+2.78384519E+00;
+00296;+0.835;+5.18686104E+00;
+00297;+0.838;+5.96650696E+00;
+00298;+0.841;+4.52273941E+00;
+00299;+0.844;+1.95491672E+00;
+00300;+0.847;+1.54219761E-01;
+00301;+0.849;+4.36940908E-01;
+00302;+0.852;+2.59752703E+00;
+00303;+0.855;+5.05779266E+00;
+00304;+0.858;+5.98824596E+00;
+00305;+0.861;+4.67946529E+00;
+00306;+0.864;+2.13247108E+00;
+00307;+0.866;+2.53240436E-01;
+00308;+0.869;+3.42017621E-01;
+00309;+0.872;+2.40813565E+00;
+00310;+0.875;+4.91176558E+00;
+00311;+0.878;+5.99848938E+00;
+00312;+0.881;+4.90197754E+00;
+00313;+0.883;+2.39709544E+00;
+00314;+0.886;+3.37237328E-01;
+00315;+0.889;+2.59158939E-01;
+00316;+0.892;+2.22102070E+00;
+00317;+0.895;+4.75640583E+00;
+00318;+0.897;+5.98858738E+00;
+00319;+0.900;+5.04937029E+00;
+00320;+0.903;+2.59183598E+00;
+00321;+0.906;+4.32274431E-01;
+00322;+0.909;+1.86885208E-01;
+00323;+0.912;+2.04221439E+00;
+00324;+0.914;+4.53184509E+00;
+00325;+0.917;+5.96866941E+00;
+00326;+0.920;+5.18060112E+00;
+00327;+0.923;+2.77576423E+00;
+00328;+0.926;+5.34026742E-01;
+00329;+0.929;+1.25196457E-01;
+00330;+0.931;+1.78180122E+00;
+00331;+0.934;+4.36362362E+00;
+00332;+0.937;+5.93441057E+00;
+00333;+0.940;+5.30420637E+00;
+00334;+0.943;+2.96105814E+00;
+00335;+0.945;+6.95874333E-01;
+00336;+0.948;+6.00931905E-02;
+00337;+0.951;+1.62336814E+00;
+00338;+0.954;+4.21076727E+00;
+00339;+0.957;+5.89480209E+00;
+00340;+0.960;+5.41540527E+00;
+00341;+0.962;+3.22226787E+00;
+00342;+0.965;+8.13674808E-01;
+00343;+0.968;+3.00455317E-02;
+00344;+0.971;+1.47244692E+00;
+00345;+0.974;+4.04675722E+00;
+00346;+0.977;+5.84130812E+00;
+00347;+0.979;+5.56029415E+00;
+00348;+0.982;+3.39879775E+00;
+00349;+0.985;+9.39556301E-01;
+00350;+0.988;+8.76177289E-03;
+00351;+0.991;+1.30661571E+00;
+00352;+0.994;+3.86476421E+00;
+00353;+0.996;+5.74342585E+00;
+00354;+0.999;+5.65419340E+00;
+00355;+1.002;+3.57942510E+00;
+00356;+1.005;+1.08251035E+00;
+00357;+1.008;-1.70937856E-03;
+00358;+1.011;+1.16127157E+00;
+00359;+1.013;+3.61493611E+00;
+00360;+1.016;+5.66785145E+00;
+00361;+1.019;+5.72897100E+00;
+00362;+1.022;+3.75629663E+00;
+00363;+1.025;+1.22193599E+00;
+00364;+1.027;+6.94070291E-03;
+00365;+1.030;+9.59019005E-01;
+00366;+1.033;+3.43351197E+00;
+00367;+1.036;+5.57770824E+00;
+00368;+1.039;+5.80226898E+00;
+00369;+1.042;+3.92633915E+00;
+00370;+1.044;+1.44114733E+00;
+00371;+1.047;+2.50375886E-02;
+00372;+1.050;+8.32226992E-01;
+00373;+1.053;+3.25743723E+00;
+00374;+1.056;+5.48141909E+00;
+00375;+1.059;+5.86008787E+00;
+00376;+1.061;+4.17639494E+00;
+00377;+1.064;+1.59070277E+00;
+00378;+1.067;+5.33779934E-02;
+00379;+1.070;+7.19548225E-01;
+00380;+1.073;+3.08659816E+00;
+00381;+1.076;+5.38182926E+00;
+00382;+1.078;+5.92678452E+00;
+00383;+1.081;+4.33061647E+00;
+00384;+1.084;+1.75072920E+00;
+00385;+1.087;+9.12790149E-02;
+00386;+1.090;+6.05503738E-01;
+00387;+1.093;+2.90745020E+00;
+00388;+1.095;+5.21292543E+00;
+00389;+1.098;+5.96092987E+00;
+00390;+1.101;+4.48939133E+00;
+00391;+1.104;+1.91428411E+00;
+00392;+1.107;+1.43179521E-01;
+00393;+1.110;+4.56175953E-01;
+00394;+1.112;+2.63508654E+00;
+00395;+1.115;+5.08397055E+00;
+00396;+1.118;+5.98505878E+00;
+00397;+1.121;+4.65089750E+00;
+00398;+1.124;+2.09445620E+00;
